<?xml version="1.0" encoding="UTF-8"?>
<testsuite xmlns:xsi="http://www.w3.org/2001/XMLSchema-instance" xsi:noNamespaceSchemaLocation="https://maven.apache.org/surefire/maven-surefire-plugin/xsd/surefire-test-report.xsd" name="com.epam.app.SwapLast2CharTest" time="0.106" tests="5" errors="0" skipped="0" failures="0">
  <properties>
[...]
</properties>
  <testcase name="test0char" classname="com.epam.app.SwapLast2CharTest" time="0.052"/>
  <testcase name="test1char" classname="com.epam.app.SwapLast2CharTest" time="0.004"/>
  <testcase name="test2char" classname="com.epam.app.SwapLast2CharTest" time="0.003"/>
  <testcase name="test4char" classname="com.epam.app.SwapLast2CharTest" time="0.003"/>
  <testcase name="testNchar" classname="com.epam.app.SwapLast2CharTest" time="0.003"/>
</testsuite>